[33mWARNING[0m:  [23-06-2024 04:28:08] chroma_server_nofile is not supported on Windows. chroma_server_nofile will not be set.
[32mINFO[0m:     [23-06-2024 04:28:08] Anonymized telemetry enabled. See                     https://docs.trychroma.com/telemetry for more information.
[36mDEBUG[0m:    [23-06-2024 04:28:08] Starting component System
[36mDEBUG[0m:    [23-06-2024 04:28:08] Starting component OpenTelemetryClient
[36mDEBUG[0m:    [23-06-2024 04:28:08] Starting component SqliteDB
[36mDEBUG[0m:    [23-06-2024 04:28:11] Starting component QuotaEnforcer
[36mDEBUG[0m:    [23-06-2024 04:28:11] Starting component Posthog
[36mDEBUG[0m:    [23-06-2024 04:28:11] Starting component LocalSegmentManager
[36mDEBUG[0m:    [23-06-2024 04:28:11] Starting component SegmentAPI
[32mINFO[0m:     [23-06-2024 04:28:11] Started server process [[36m26580[0m]
[32mINFO[0m:     [23-06-2024 04:28:11] Waiting for application startup.
[32mINFO[0m:     [23-06-2024 04:28:11] Application startup complete.
[31mERROR[0m:    [23-06-2024 04:28:11] [Errno 10048] error while attempting to bind on address ('::1', 8000, 0, 0): only one usage of each socket address (protocol/network address/port) is normally permitted
[32mINFO[0m:     [23-06-2024 04:28:11] Waiting for application shutdown.
[36mDEBUG[0m:    [23-06-2024 04:28:11] Stopping component System
[36mDEBUG[0m:    [23-06-2024 04:28:11] Stopping component SegmentAPI
[36mDEBUG[0m:    [23-06-2024 04:28:11] Stopping component LocalSegmentManager
[36mDEBUG[0m:    [23-06-2024 04:28:11] Stopping component Posthog
[36mDEBUG[0m:    [23-06-2024 04:28:11] Stopping component QuotaEnforcer
[36mDEBUG[0m:    [23-06-2024 04:28:11] Stopping component SqliteDB
[36mDEBUG[0m:    [23-06-2024 04:28:11] Stopping component OpenTelemetryClient
[32mINFO[0m:     [23-06-2024 04:28:11] Application shutdown complete.
[33mWARNING[0m:  [23-06-2024 04:29:18] chroma_server_nofile is not supported on Windows. chroma_server_nofile will not be set.
[32mINFO[0m:     [23-06-2024 04:29:18] Anonymized telemetry enabled. See                     https://docs.trychroma.com/telemetry for more information.
[36mDEBUG[0m:    [23-06-2024 04:29:18] Starting component System
[36mDEBUG[0m:    [23-06-2024 04:29:18] Starting component OpenTelemetryClient
[36mDEBUG[0m:    [23-06-2024 04:29:18] Starting component SqliteDB
[36mDEBUG[0m:    [23-06-2024 04:29:18] Starting component QuotaEnforcer
[36mDEBUG[0m:    [23-06-2024 04:29:18] Starting component Posthog
[36mDEBUG[0m:    [23-06-2024 04:29:18] Starting component LocalSegmentManager
[36mDEBUG[0m:    [23-06-2024 04:29:18] Starting component SegmentAPI
[32mINFO[0m:     [23-06-2024 04:29:18] Started server process [[36m19912[0m]
[32mINFO[0m:     [23-06-2024 04:29:18] Waiting for application startup.
[32mINFO[0m:     [23-06-2024 04:29:18] Application startup complete.
[31mERROR[0m:    [23-06-2024 04:29:18] [Errno 10048] error while attempting to bind on address ('::1', 8000, 0, 0): only one usage of each socket address (protocol/network address/port) is normally permitted
[32mINFO[0m:     [23-06-2024 04:29:18] Waiting for application shutdown.
[36mDEBUG[0m:    [23-06-2024 04:29:18] Stopping component System
[36mDEBUG[0m:    [23-06-2024 04:29:18] Stopping component SegmentAPI
[36mDEBUG[0m:    [23-06-2024 04:29:18] Stopping component LocalSegmentManager
[36mDEBUG[0m:    [23-06-2024 04:29:18] Stopping component Posthog
[36mDEBUG[0m:    [23-06-2024 04:29:18] Stopping component QuotaEnforcer
[36mDEBUG[0m:    [23-06-2024 04:29:18] Stopping component SqliteDB
[36mDEBUG[0m:    [23-06-2024 04:29:18] Stopping component OpenTelemetryClient
[32mINFO[0m:     [23-06-2024 04:29:18] Application shutdown complete.
[33mWARNING[0m:  [23-06-2024 04:30:36] chroma_server_nofile is not supported on Windows. chroma_server_nofile will not be set.
[32mINFO[0m:     [23-06-2024 04:30:36] Anonymized telemetry enabled. See                     https://docs.trychroma.com/telemetry for more information.
[36mDEBUG[0m:    [23-06-2024 04:30:36] Starting component System
[36mDEBUG[0m:    [23-06-2024 04:30:36] Starting component OpenTelemetryClient
[36mDEBUG[0m:    [23-06-2024 04:30:36] Starting component SqliteDB
[36mDEBUG[0m:    [23-06-2024 04:30:36] Starting component QuotaEnforcer
[36mDEBUG[0m:    [23-06-2024 04:30:36] Starting component Posthog
[36mDEBUG[0m:    [23-06-2024 04:30:36] Starting component LocalSegmentManager
[36mDEBUG[0m:    [23-06-2024 04:30:36] Starting component SegmentAPI
[32mINFO[0m:     [23-06-2024 04:30:36] Started server process [[36m28444[0m]
[32mINFO[0m:     [23-06-2024 04:30:36] Waiting for application startup.
[32mINFO[0m:     [23-06-2024 04:30:36] Application startup complete.
[32mINFO[0m:     [23-06-2024 04:30:36] Uvicorn running on [1mhttp://localhost:8000[0m (Press CTRL+C to quit)
[32mINFO[0m:     [23-06-2024 04:30:48] ::1:62001 - "GET / HTTP/1.1" 404
[32mINFO[0m:     [23-06-2024 04:31:14] Shutting down
[32mINFO[0m:     [23-06-2024 04:31:15] Waiting for application shutdown.
[36mDEBUG[0m:    [23-06-2024 04:31:15] Stopping component System
[36mDEBUG[0m:    [23-06-2024 04:31:15] Stopping component SegmentAPI
[36mDEBUG[0m:    [23-06-2024 04:31:15] Stopping component LocalSegmentManager
[36mDEBUG[0m:    [23-06-2024 04:31:15] Stopping component Posthog
[36mDEBUG[0m:    [23-06-2024 04:31:15] Stopping component QuotaEnforcer
[36mDEBUG[0m:    [23-06-2024 04:31:15] Stopping component SqliteDB
[36mDEBUG[0m:    [23-06-2024 04:31:15] Stopping component OpenTelemetryClient
[32mINFO[0m:     [23-06-2024 04:31:15] Application shutdown complete.
[32mINFO[0m:     [23-06-2024 04:31:15] Finished server process [[36m28444[0m]
[33mWARNING[0m:  [23-06-2024 04:31:31] chroma_server_nofile is not supported on Windows. chroma_server_nofile will not be set.
[32mINFO[0m:     [23-06-2024 04:31:31] Anonymized telemetry enabled. See                     https://docs.trychroma.com/telemetry for more information.
[36mDEBUG[0m:    [23-06-2024 04:31:31] Starting component System
[36mDEBUG[0m:    [23-06-2024 04:31:31] Starting component OpenTelemetryClient
[36mDEBUG[0m:    [23-06-2024 04:31:31] Starting component SqliteDB
[36mDEBUG[0m:    [23-06-2024 04:31:31] Starting component QuotaEnforcer
[36mDEBUG[0m:    [23-06-2024 04:31:31] Starting component Posthog
[36mDEBUG[0m:    [23-06-2024 04:31:31] Starting component LocalSegmentManager
[36mDEBUG[0m:    [23-06-2024 04:31:31] Starting component SegmentAPI
[32mINFO[0m:     [23-06-2024 04:31:31] Started server process [[36m28240[0m]
[32mINFO[0m:     [23-06-2024 04:31:31] Waiting for application startup.
[32mINFO[0m:     [23-06-2024 04:31:31] Application startup complete.
[32mINFO[0m:     [23-06-2024 04:31:31] Uvicorn running on [1mhttp://localhost:8000[0m (Press CTRL+C to quit)
[32mINFO[0m:     [23-06-2024 04:31:35] ::1:62019 - "GET / HTTP/1.1" 404
[32mINFO[0m:     [23-06-2024 04:31:38] ::1:62019 - "GET / HTTP/1.1" 404
[32mINFO[0m:     [23-06-2024 04:31:43] Shutting down
[32mINFO[0m:     [23-06-2024 04:31:43] Waiting for application shutdown.
[36mDEBUG[0m:    [23-06-2024 04:31:43] Stopping component System
[36mDEBUG[0m:    [23-06-2024 04:31:43] Stopping component SegmentAPI
[36mDEBUG[0m:    [23-06-2024 04:31:43] Stopping component LocalSegmentManager
[36mDEBUG[0m:    [23-06-2024 04:31:43] Stopping component Posthog
[36mDEBUG[0m:    [23-06-2024 04:31:43] Stopping component QuotaEnforcer
[36mDEBUG[0m:    [23-06-2024 04:31:43] Stopping component SqliteDB
[36mDEBUG[0m:    [23-06-2024 04:31:43] Stopping component OpenTelemetryClient
[32mINFO[0m:     [23-06-2024 04:31:43] Application shutdown complete.
[32mINFO[0m:     [23-06-2024 04:31:43] Finished server process [[36m28240[0m]
[33mWARNING[0m:  [23-06-2024 04:31:49] chroma_server_nofile is not supported on Windows. chroma_server_nofile will not be set.
[32mINFO[0m:     [23-06-2024 04:31:49] Anonymized telemetry enabled. See                     https://docs.trychroma.com/telemetry for more information.
[36mDEBUG[0m:    [23-06-2024 04:31:49] Starting component System
[36mDEBUG[0m:    [23-06-2024 04:31:49] Starting component OpenTelemetryClient
[36mDEBUG[0m:    [23-06-2024 04:31:49] Starting component SqliteDB
[36mDEBUG[0m:    [23-06-2024 04:31:49] Starting component QuotaEnforcer
[36mDEBUG[0m:    [23-06-2024 04:31:49] Starting component Posthog
[36mDEBUG[0m:    [23-06-2024 04:31:49] Starting component LocalSegmentManager
[36mDEBUG[0m:    [23-06-2024 04:31:49] Starting component SegmentAPI
[32mINFO[0m:     [23-06-2024 04:31:49] Started server process [[36m22092[0m]
[32mINFO[0m:     [23-06-2024 04:31:49] Waiting for application startup.
[32mINFO[0m:     [23-06-2024 04:31:49] Application startup complete.
[32mINFO[0m:     [23-06-2024 04:31:49] Uvicorn running on [1mhttp://localhost:8000[0m (Press CTRL+C to quit)
[32mINFO[0m:     [23-06-2024 04:31:53] ::1:62027 - "GET / HTTP/1.1" 404
[32mINFO[0m:     [23-06-2024 04:34:05] Shutting down
[32mINFO[0m:     [23-06-2024 04:34:06] Waiting for application shutdown.
[36mDEBUG[0m:    [23-06-2024 04:34:06] Stopping component System
[36mDEBUG[0m:    [23-06-2024 04:34:06] Stopping component SegmentAPI
[36mDEBUG[0m:    [23-06-2024 04:34:06] Stopping component LocalSegmentManager
[36mDEBUG[0m:    [23-06-2024 04:34:06] Stopping component Posthog
[36mDEBUG[0m:    [23-06-2024 04:34:06] Stopping component QuotaEnforcer
[36mDEBUG[0m:    [23-06-2024 04:34:06] Stopping component SqliteDB
[36mDEBUG[0m:    [23-06-2024 04:34:06] Stopping component OpenTelemetryClient
[32mINFO[0m:     [23-06-2024 04:34:06] Application shutdown complete.
[32mINFO[0m:     [23-06-2024 04:34:06] Finished server process [[36m22092[0m]
